stdio    D         file_stdio.c:110  file_stdio_fopen                 [   0.00000] opening C:\Users\kevin\Desktop\課程&講座\senior\計算機程式設計2\CSI2P-Final-Project-Template\CSI2P-Final-Project\SourceCode\allegro5.cfg r
system   D            wsystem.c:874  _al_win_safe_load_library        [   0.00000] PathFindOnPath found: C:\WINDOWS\system32\shcore.dll
system   D            wsystem.c:780  load_library_at_path             [   0.00000] Calling LoadLibrary C:\WINDOWS\system32\shcore.dll
system   I            wsystem.c:783  load_library_at_path             [   0.00000] Loaded C:\WINDOWS\system32\shcore.dll
system   I             system.c:271  al_install_system                [   0.00000] Allegro version: 5.2.7
audio-dsound I           dsound.cpp:271  _dsound_open                     [   0.00019] Starting DirectSound...
audio-dsound D           dsound.cpp:280  _dsound_open                     [   0.01846] DirectSoundCreate8 succeeded
audio-dsound I           dsound.cpp:73   get_window                       [   0.01850] Using desktop window: 0000000000010010
audio    I              audio.c:347  do_install_audio                 [   0.01855] Using DirectSound driver
system   D            wsystem.c:874  _al_win_safe_load_library        [   0.01868] PathFindOnPath found: C:\WINDOWS\system32\d3d9.dll
system   D            wsystem.c:780  load_library_at_path             [   0.01869] Calling LoadLibrary C:\WINDOWS\system32\d3d9.dll
system   I            wsystem.c:783  load_library_at_path             [   0.01934] Loaded C:\WINDOWS\system32\d3d9.dll
d3d      I         d3d_disp.cpp:684  d3d_init_display                 [   0.09493] Render-to-texture: 1
d3d      I         d3d_disp.cpp:1782 d3d_create_display_locked        [   0.09636] faux_fullscreen=0
d3d      D         d3d_disp.cpp:1783 d3d_create_display_locked        [   0.09638] al_display=00000000013cdad0
d3d      D         d3d_disp.cpp:1784 d3d_create_display_locked        [   0.09639] al_display->vt=00000000013cd960
d3d      I d3d_display_formats.cpp:144  _al_d3d_generate_display_format_list [   0.10348] found 128 format combinations
display  D   display_settings.c:212  debug_display_settings           [   0.10352] color: 32 (rgba 8880), depth: 0, stencil: 0, acc: 0000, samples: 0/0
display  D   display_settings.c:527  _al_score_display_settings       [   0.10353] Score is : 897
display  D   display_settings.c:212  debug_display_settings           [   0.10354] color: 32 (rgba 8880), depth: 0, stencil: 0, acc: 0000, samples: 0/0
display  D   display_settings.c:527  _al_score_display_settings       [   0.10355] Score is : 897
display  D   display_settings.c:212  debug_display_settings           [   0.10356] color: 32 (rgba 8880), depth: 0, stencil: 0, acc: 0000, samples: 2/1
display  D   display_settings.c:527  _al_score_display_settings       [   0.10357] Score is : 726
display  D   display_settings.c:212  debug_display_settings           [   0.10357] color: 32 (rgba 8880), depth: 0, stencil: 0, acc: 0000, samples: 3/1
display  D   display_settings.c:527  _al_score_display_settings       [   0.10358] Score is : 721
display  D   display_settings.c:212  debug_display_settings           [   0.10359] color: 32 (rgba 8880), depth: 24, stencil: 8, acc: 0000, samples: 0/0
display  D   display_settings.c:527  _al_score_display_settings       [   0.10360] Score is : 897
display  D   display_settings.c:212  debug_display_settings           [   0.10361] color: 32 (rgba 8880), depth: 24, stencil: 8, acc: 0000, samples: 0/0
display  D   display_settings.c:527  _al_score_display_settings       [   0.10362] Score is : 897
display  D   display_settings.c:212  debug_display_settings           [   0.10363] color: 32 (rgba 8880), depth: 24, stencil: 8, acc: 0000, samples: 2/1
display  D   display_settings.c:527  _al_score_display_settings       [   0.10363] Score is : 726
display  D   display_settings.c:212  debug_display_settings           [   0.10364] color: 32 (rgba 8880), depth: 24, stencil: 8, acc: 0000, samples: 3/1
display  D   display_settings.c:527  _al_score_display_settings       [   0.10365] Score is : 721
display  D   display_settings.c:212  debug_display_settings           [   0.10370] color: 32 (rgba 8880), depth: 24, stencil: 0, acc: 0000, samples: 0/0
display  D   display_settings.c:527  _al_score_display_settings       [   0.10371] Score is : 897
display  D   display_settings.c:212  debug_display_settings           [   0.10372] color: 32 (rgba 8880), depth: 24, stencil: 0, acc: 0000, samples: 0/0
display  D   display_settings.c:527  _al_score_display_settings       [   0.10373] Score is : 897
display  D   display_settings.c:212  debug_display_settings           [   0.10373] color: 32 (rgba 8880), depth: 24, stencil: 0, acc: 0000, samples: 2/1
display  D   display_settings.c:527  _al_score_display_settings       [   0.10374] Score is : 726
display  D   display_settings.c:212  debug_display_settings           [   0.10375] color: 32 (rgba 8880), depth: 24, stencil: 0, acc: 0000, samples: 3/1
display  D   display_settings.c:527  _al_score_display_settings       [   0.10376] Score is : 721
display  D   display_settings.c:212  debug_display_settings           [   0.10377] color: 32 (rgba 8880), depth: 16, stencil: 0, acc: 0000, samples: 0/0
display  D   display_settings.c:527  _al_score_display_settings       [   0.10378] Score is : 897
display  D   display_settings.c:212  debug_display_settings           [   0.10378] color: 32 (rgba 8880), depth: 16, stencil: 0, acc: 0000, samples: 0/0
display  D   display_settings.c:527  _al_score_display_settings       [   0.10379] Score is : 897
display  D   display_settings.c:212  debug_display_settings           [   0.10380] color: 32 (rgba 8880), depth: 16, stencil: 0, acc: 0000, samples: 2/1
display  D   display_settings.c:527  _al_score_display_settings       [   0.10381] Score is : 726
display  D   display_settings.c:212  debug_display_settings           [   0.10382] color: 32 (rgba 8880), depth: 16, stencil: 0, acc: 0000, samples: 3/1
display  D   display_settings.c:527  _al_score_display_settings       [   0.10383] Score is : 721
display  D   display_settings.c:212  debug_display_settings           [   0.10383] color: 16 (rgba 5650), depth: 0, stencil: 0, acc: 0000, samples: 0/0
display  D   display_settings.c:527  _al_score_display_settings       [   0.10385] Score is : 897
display  D   display_settings.c:212  debug_display_settings           [   0.10387] color: 16 (rgba 5650), depth: 0, stencil: 0, acc: 0000, samples: 0/0
display  D   display_settings.c:527  _al_score_display_settings       [   0.10388] Score is : 897
display  D   display_settings.c:212  debug_display_settings           [   0.10389] color: 16 (rgba 5650), depth: 0, stencil: 0, acc: 0000, samples: 2/1
display  D   display_settings.c:527  _al_score_display_settings       [   0.10390] Score is : 726
display  D   display_settings.c:212  debug_display_settings           [   0.10391] color: 16 (rgba 5650), depth: 0, stencil: 0, acc: 0000, samples: 3/1
display  D   display_settings.c:527  _al_score_display_settings       [   0.10392] Score is : 721
display  D   display_settings.c:212  debug_display_settings           [   0.10393] color: 16 (rgba 5650), depth: 24, stencil: 8, acc: 0000, samples: 0/0
display  D   display_settings.c:527  _al_score_display_settings       [   0.10393] Score is : 897
display  D   display_settings.c:212  debug_display_settings           [   0.10394] color: 16 (rgba 5650), depth: 24, stencil: 8, acc: 0000, samples: 0/0
display  D   display_settings.c:527  _al_score_display_settings       [   0.10395] Score is : 897
display  D   display_settings.c:212  debug_display_settings           [   0.10396] color: 16 (rgba 5650), depth: 24, stencil: 8, acc: 0000, samples: 2/1
display  D   display_settings.c:527  _al_score_display_settings       [   0.10397] Score is : 726
display  D   display_settings.c:212  debug_display_settings           [   0.10398] color: 16 (rgba 5650), depth: 24, stencil: 8, acc: 0000, samples: 3/1
display  D   display_settings.c:527  _al_score_display_settings       [   0.10399] Score is : 721
display  D   display_settings.c:212  debug_display_settings           [   0.10400] color: 16 (rgba 5650), depth: 24, stencil: 0, acc: 0000, samples: 0/0
display  D   display_settings.c:527  _al_score_display_settings       [   0.10401] Score is : 897
display  D   display_settings.c:212  debug_display_settings           [   0.10402] color: 16 (rgba 5650), depth: 24, stencil: 0, acc: 0000, samples: 0/0
display  D   display_settings.c:527  _al_score_display_settings       [   0.10403] Score is : 897
display  D   display_settings.c:212  debug_display_settings           [   0.10404] color: 16 (rgba 5650), depth: 24, stencil: 0, acc: 0000, samples: 2/1
display  D   display_settings.c:527  _al_score_display_settings       [   0.10405] Score is : 726
display  D   display_settings.c:212  debug_display_settings           [   0.10405] color: 16 (rgba 5650), depth: 24, stencil: 0, acc: 0000, samples: 3/1
display  D   display_settings.c:527  _al_score_display_settings       [   0.10406] Score is : 721
display  D   display_settings.c:212  debug_display_settings           [   0.10407] color: 16 (rgba 5650), depth: 16, stencil: 0, acc: 0000, samples: 0/0
display  D   display_settings.c:527  _al_score_display_settings       [   0.10408] Score is : 897
display  D   display_settings.c:212  debug_display_settings           [   0.10409] color: 16 (rgba 5650), depth: 16, stencil: 0, acc: 0000, samples: 0/0
display  D   display_settings.c:527  _al_score_display_settings       [   0.10410] Score is : 897
display  D   display_settings.c:212  debug_display_settings           [   0.10410] color: 16 (rgba 5650), depth: 16, stencil: 0, acc: 0000, samples: 2/1
display  D   display_settings.c:527  _al_score_display_settings       [   0.10411] Score is : 726
display  D   display_settings.c:212  debug_display_settings           [   0.10412] color: 16 (rgba 5650), depth: 16, stencil: 0, acc: 0000, samples: 3/1
display  D   display_settings.c:527  _al_score_display_settings       [   0.10413] Score is : 721
display  D   display_settings.c:212  debug_display_settings           [   0.10414] color: 32 (rgba 8880), depth: 0, stencil: 0, acc: 0000, samples: 0/0
display  D   display_settings.c:398  _al_score_display_settings       [   0.10415] Single Buffer requirement not met.
display  D   display_settings.c:212  debug_display_settings           [   0.10415] color: 32 (rgba 8880), depth: 0, stencil: 0, acc: 0000, samples: 0/0
display  D   display_settings.c:398  _al_score_display_settings       [   0.10416] Single Buffer requirement not met.
display  D   display_settings.c:212  debug_display_settings           [   0.10417] color: 32 (rgba 8880), depth: 0, stencil: 0, acc: 0000, samples: 2/1
display  D   display_settings.c:398  _al_score_display_settings       [   0.10418] Single Buffer requirement not met.
display  D   display_settings.c:212  debug_display_settings           [   0.10419] color: 32 (rgba 8880), depth: 0, stencil: 0, acc: 0000, samples: 3/1
display  D   display_settings.c:398  _al_score_display_settings       [   0.10420] Single Buffer requirement not met.
display  D   display_settings.c:212  debug_display_settings           [   0.10421] color: 32 (rgba 8880), depth: 24, stencil: 8, acc: 0000, samples: 0/0
display  D   display_settings.c:398  _al_score_display_settings       [   0.10421] Single Buffer requirement not met.
display  D   display_settings.c:212  debug_display_settings           [   0.10422] color: 32 (rgba 8880), depth: 24, stencil: 8, acc: 0000, samples: 0/0
display  D   display_settings.c:398  _al_score_display_settings       [   0.10423] Single Buffer requirement not met.
display  D   display_settings.c:212  debug_display_settings           [   0.10424] color: 32 (rgba 8880), depth: 24, stencil: 8, acc: 0000, samples: 2/1
display  D   display_settings.c:398  _al_score_display_settings       [   0.10425] Single Buffer requirement not met.
display  D   display_settings.c:212  debug_display_settings           [   0.10426] color: 32 (rgba 8880), depth: 24, stencil: 8, acc: 0000, samples: 3/1
display  D   display_settings.c:398  _al_score_display_settings       [   0.10427] Single Buffer requirement not met.
display  D   display_settings.c:212  debug_display_settings           [   0.10428] color: 32 (rgba 8880), depth: 24, stencil: 0, acc: 0000, samples: 0/0
display  D   display_settings.c:398  _al_score_display_settings       [   0.10428] Single Buffer requirement not met.
display  D   display_settings.c:212  debug_display_settings           [   0.10429] color: 32 (rgba 8880), depth: 24, stencil: 0, acc: 0000, samples: 0/0
display  D   display_settings.c:398  _al_score_display_settings       [   0.10430] Single Buffer requirement not met.
display  D   display_settings.c:212  debug_display_settings           [   0.10431] color: 32 (rgba 8880), depth: 24, stencil: 0, acc: 0000, samples: 2/1
display  D   display_settings.c:398  _al_score_display_settings       [   0.10432] Single Buffer requirement not met.
display  D   display_settings.c:212  debug_display_settings           [   0.10433] color: 32 (rgba 8880), depth: 24, stencil: 0, acc: 0000, samples: 3/1
display  D   display_settings.c:398  _al_score_display_settings       [   0.10434] Single Buffer requirement not met.
display  D   display_settings.c:212  debug_display_settings           [   0.10434] color: 32 (rgba 8880), depth: 16, stencil: 0, acc: 0000, samples: 0/0
display  D   display_settings.c:398  _al_score_display_settings       [   0.10435] Single Buffer requirement not met.
display  D   display_settings.c:212  debug_display_settings           [   0.10436] color: 32 (rgba 8880), depth: 16, stencil: 0, acc: 0000, samples: 0/0
display  D   display_settings.c:398  _al_score_display_settings       [   0.10437] Single Buffer requirement not met.
display  D   display_settings.c:212  debug_display_settings           [   0.10438] color: 32 (rgba 8880), depth: 16, stencil: 0, acc: 0000, samples: 2/1
display  D   display_settings.c:398  _al_score_display_settings       [   0.10439] Single Buffer requirement not met.
display  D   display_settings.c:212  debug_display_settings           [   0.10439] color: 32 (rgba 8880), depth: 16, stencil: 0, acc: 0000, samples: 3/1
display  D   display_settings.c:398  _al_score_display_settings       [   0.10440] Single Buffer requirement not met.
display  D   display_settings.c:212  debug_display_settings           [   0.10441] color: 16 (rgba 5650), depth: 0, stencil: 0, acc: 0000, samples: 0/0
display  D   display_settings.c:398  _al_score_display_settings       [   0.10442] Single Buffer requirement not met.
display  D   display_settings.c:212  debug_display_settings           [   0.10443] color: 16 (rgba 5650), depth: 0, stencil: 0, acc: 0000, samples: 0/0
display  D   display_settings.c:398  _al_score_display_settings       [   0.10444] Single Buffer requirement not met.
display  D   display_settings.c:212  debug_display_settings           [   0.10445] color: 16 (rgba 5650), depth: 0, stencil: 0, acc: 0000, samples: 2/1
display  D   display_settings.c:398  _al_score_display_settings       [   0.10445] Single Buffer requirement not met.
display  D   display_settings.c:212  debug_display_settings           [   0.10446] color: 16 (rgba 5650), depth: 0, stencil: 0, acc: 0000, samples: 3/1
display  D   display_settings.c:398  _al_score_display_settings       [   0.10447] Single Buffer requirement not met.
display  D   display_settings.c:212  debug_display_settings           [   0.10448] color: 16 (rgba 5650), depth: 24, stencil: 8, acc: 0000, samples: 0/0
display  D   display_settings.c:398  _al_score_display_settings       [   0.10449] Single Buffer requirement not met.
display  D   display_settings.c:212  debug_display_settings           [   0.10450] color: 16 (rgba 5650), depth: 24, stencil: 8, acc: 0000, samples: 0/0
display  D   display_settings.c:398  _al_score_display_settings       [   0.10451] Single Buffer requirement not met.
display  D   display_settings.c:212  debug_display_settings           [   0.10451] color: 16 (rgba 5650), depth: 24, stencil: 8, acc: 0000, samples: 2/1
display  D   display_settings.c:398  _al_score_display_settings       [   0.10452] Single Buffer requirement not met.
display  D   display_settings.c:212  debug_display_settings           [   0.10455] color: 16 (rgba 5650), depth: 24, stencil: 8, acc: 0000, samples: 3/1
display  D   display_settings.c:398  _al_score_display_settings       [   0.10456] Single Buffer requirement not met.
display  D   display_settings.c:212  debug_display_settings           [   0.10456] color: 16 (rgba 5650), depth: 24, stencil: 0, acc: 0000, samples: 0/0
display  D   display_settings.c:398  _al_score_display_settings       [   0.10457] Single Buffer requirement not met.
display  D   display_settings.c:212  debug_display_settings           [   0.10458] color: 16 (rgba 5650), depth: 24, stencil: 0, acc: 0000, samples: 0/0
display  D   display_settings.c:398  _al_score_display_settings       [   0.10459] Single Buffer requirement not met.
display  D   display_settings.c:212  debug_display_settings           [   0.10460] color: 16 (rgba 5650), depth: 24, stencil: 0, acc: 0000, samples: 2/1
display  D   display_settings.c:398  _al_score_display_settings       [   0.10461] Single Buffer requirement not met.
display  D   display_settings.c:212  debug_display_settings           [   0.10461] color: 16 (rgba 5650), depth: 24, stencil: 0, acc: 0000, samples: 3/1
display  D   display_settings.c:398  _al_score_display_settings       [   0.10462] Single Buffer requirement not met.
display  D   display_settings.c:212  debug_display_settings           [   0.10463] color: 16 (rgba 5650), depth: 16, stencil: 0, acc: 0000, samples: 0/0
display  D   display_settings.c:398  _al_score_display_settings       [   0.10464] Single Buffer requirement not met.
display  D   display_settings.c:212  debug_display_settings           [   0.10465] color: 16 (rgba 5650), depth: 16, stencil: 0, acc: 0000, samples: 0/0
display  D   display_settings.c:398  _al_score_display_settings       [   0.10466] Single Buffer requirement not met.
display  D   display_settings.c:212  debug_display_settings           [   0.10467] color: 16 (rgba 5650), depth: 16, stencil: 0, acc: 0000, samples: 2/1
display  D   display_settings.c:398  _al_score_display_settings       [   0.10467] Single Buffer requirement not met.
display  D   display_settings.c:212  debug_display_settings           [   0.10468] color: 16 (rgba 5650), depth: 16, stencil: 0, acc: 0000, samples: 3/1
display  D   display_settings.c:398  _al_score_display_settings       [   0.10469] Single Buffer requirement not met.
display  D   display_settings.c:212  debug_display_settings           [   0.10470] color: 32 (rgba 8880), depth: 0, stencil: 0, acc: 0000, samples: 0/0
display  D   display_settings.c:527  _al_score_display_settings       [   0.10471] Score is : 769
display  D   display_settings.c:212  debug_display_settings           [   0.10472] color: 32 (rgba 8880), depth: 0, stencil: 0, acc: 0000, samples: 0/0
display  D   display_settings.c:527  _al_score_display_settings       [   0.10473] Score is : 769
display  D   display_settings.c:212  debug_display_settings           [   0.10473] color: 32 (rgba 8880), depth: 0, stencil: 0, acc: 0000, samples: 2/1
display  D   display_settings.c:527  _al_score_display_settings       [   0.10474] Score is : 598
display  D   display_settings.c:212  debug_display_settings           [   0.10475] color: 32 (rgba 8880), depth: 0, stencil: 0, acc: 0000, samples: 3/1
display  D   display_settings.c:527  _al_score_display_settings       [   0.10476] Score is : 593
display  D   display_settings.c:212  debug_display_settings           [   0.10477] color: 32 (rgba 8880), depth: 24, stencil: 8, acc: 0000, samples: 0/0
display  D   display_settings.c:527  _al_score_display_settings       [   0.10478] Score is : 769
display  D   display_settings.c:212  debug_display_settings           [   0.10478] color: 32 (rgba 8880), depth: 24, stencil: 8, acc: 0000, samples: 0/0
display  D   display_settings.c:527  _al_score_display_settings       [   0.10479] Score is : 769
display  D   display_settings.c:212  debug_display_settings           [   0.10480] color: 32 (rgba 8880), depth: 24, stencil: 8, acc: 0000, samples: 2/1
display  D   display_settings.c:527  _al_score_display_settings       [   0.10481] Score is : 598
display  D   display_settings.c:212  debug_display_settings           [   0.10482] color: 32 (rgba 8880), depth: 24, stencil: 8, acc: 0000, samples: 3/1
display  D   display_settings.c:527  _al_score_display_settings       [   0.10483] Score is : 593
display  D   display_settings.c:212  debug_display_settings           [   0.10484] color: 32 (rgba 8880), depth: 24, stencil: 0, acc: 0000, samples: 0/0
display  D   display_settings.c:527  _al_score_display_settings       [   0.10484] Score is : 769
display  D   display_settings.c:212  debug_display_settings           [   0.10485] color: 32 (rgba 8880), depth: 24, stencil: 0, acc: 0000, samples: 0/0
display  D   display_settings.c:527  _al_score_display_settings       [   0.10486] Score is : 769
display  D   display_settings.c:212  debug_display_settings           [   0.10487] color: 32 (rgba 8880), depth: 24, stencil: 0, acc: 0000, samples: 2/1
display  D   display_settings.c:527  _al_score_display_settings       [   0.10488] Score is : 598
display  D   display_settings.c:212  debug_display_settings           [   0.10489] color: 32 (rgba 8880), depth: 24, stencil: 0, acc: 0000, samples: 3/1
display  D   display_settings.c:527  _al_score_display_settings       [   0.10490] Score is : 593
display  D   display_settings.c:212  debug_display_settings           [   0.10490] color: 32 (rgba 8880), depth: 16, stencil: 0, acc: 0000, samples: 0/0
display  D   display_settings.c:527  _al_score_display_settings       [   0.10491] Score is : 769
display  D   display_settings.c:212  debug_display_settings           [   0.10492] color: 32 (rgba 8880), depth: 16, stencil: 0, acc: 0000, samples: 0/0
display  D   display_settings.c:527  _al_score_display_settings       [   0.10493] Score is : 769
display  D   display_settings.c:212  debug_display_settings           [   0.10494] color: 32 (rgba 8880), depth: 16, stencil: 0, acc: 0000, samples: 2/1
display  D   display_settings.c:527  _al_score_display_settings       [   0.10495] Score is : 598
display  D   display_settings.c:212  debug_display_settings           [   0.10495] color: 32 (rgba 8880), depth: 16, stencil: 0, acc: 0000, samples: 3/1
display  D   display_settings.c:527  _al_score_display_settings       [   0.10496] Score is : 593
display  D   display_settings.c:212  debug_display_settings           [   0.10497] color: 16 (rgba 5650), depth: 0, stencil: 0, acc: 0000, samples: 0/0
display  D   display_settings.c:527  _al_score_display_settings       [   0.10498] Score is : 769
display  D   display_settings.c:212  debug_display_settings           [   0.10499] color: 16 (rgba 5650), depth: 0, stencil: 0, acc: 0000, samples: 0/0
display  D   display_settings.c:527  _al_score_display_settings       [   0.10500] Score is : 769
display  D   display_settings.c:212  debug_display_settings           [   0.10500] color: 16 (rgba 5650), depth: 0, stencil: 0, acc: 0000, samples: 2/1
display  D   display_settings.c:527  _al_score_display_settings       [   0.10501] Score is : 598
display  D   display_settings.c:212  debug_display_settings           [   0.10502] color: 16 (rgba 5650), depth: 0, stencil: 0, acc: 0000, samples: 3/1
display  D   display_settings.c:527  _al_score_display_settings       [   0.10503] Score is : 593
display  D   display_settings.c:212  debug_display_settings           [   0.10504] color: 16 (rgba 5650), depth: 24, stencil: 8, acc: 0000, samples: 0/0
display  D   display_settings.c:527  _al_score_display_settings       [   0.10505] Score is : 769
display  D   display_settings.c:212  debug_display_settings           [   0.10505] color: 16 (rgba 5650), depth: 24, stencil: 8, acc: 0000, samples: 0/0
display  D   display_settings.c:527  _al_score_display_settings       [   0.10506] Score is : 769
display  D   display_settings.c:212  debug_display_settings           [   0.10507] color: 16 (rgba 5650), depth: 24, stencil: 8, acc: 0000, samples: 2/1
display  D   display_settings.c:527  _al_score_display_settings       [   0.10508] Score is : 598
display  D   display_settings.c:212  debug_display_settings           [   0.10509] color: 16 (rgba 5650), depth: 24, stencil: 8, acc: 0000, samples: 3/1
display  D   display_settings.c:527  _al_score_display_settings       [   0.10510] Score is : 593
display  D   display_settings.c:212  debug_display_settings           [   0.10511] color: 16 (rgba 5650), depth: 24, stencil: 0, acc: 0000, samples: 0/0
display  D   display_settings.c:527  _al_score_display_settings       [   0.10511] Score is : 769
display  D   display_settings.c:212  debug_display_settings           [   0.10512] color: 16 (rgba 5650), depth: 24, stencil: 0, acc: 0000, samples: 0/0
display  D   display_settings.c:527  _al_score_display_settings       [   0.10513] Score is : 769
display  D   display_settings.c:212  debug_display_settings           [   0.10514] color: 16 (rgba 5650), depth: 24, stencil: 0, acc: 0000, samples: 2/1
display  D   display_settings.c:527  _al_score_display_settings       [   0.10515] Score is : 598
display  D   display_settings.c:212  debug_display_settings           [   0.10516] color: 16 (rgba 5650), depth: 24, stencil: 0, acc: 0000, samples: 3/1
display  D   display_settings.c:527  _al_score_display_settings       [   0.10516] Score is : 593
display  D   display_settings.c:212  debug_display_settings           [   0.10517] color: 16 (rgba 5650), depth: 16, stencil: 0, acc: 0000, samples: 0/0
display  D   display_settings.c:527  _al_score_display_settings       [   0.10518] Score is : 769
display  D   display_settings.c:212  debug_display_settings           [   0.10519] color: 16 (rgba 5650), depth: 16, stencil: 0, acc: 0000, samples: 0/0
display  D   display_settings.c:527  _al_score_display_settings       [   0.10520] Score is : 769
display  D   display_settings.c:212  debug_display_settings           [   0.10521] color: 16 (rgba 5650), depth: 16, stencil: 0, acc: 0000, samples: 2/1
display  D   display_settings.c:527  _al_score_display_settings       [   0.10521] Score is : 598
display  D   display_settings.c:212  debug_display_settings           [   0.10522] color: 16 (rgba 5650), depth: 16, stencil: 0, acc: 0000, samples: 3/1
display  D   display_settings.c:527  _al_score_display_settings       [   0.10523] Score is : 593
display  D   display_settings.c:212  debug_display_settings           [   0.10524] color: 32 (rgba 8880), depth: 0, stencil: 0, acc: 0000, samples: 0/0
display  D   display_settings.c:398  _al_score_display_settings       [   0.10525] Single Buffer requirement not met.
display  D   display_settings.c:212  debug_display_settings           [   0.10526] color: 32 (rgba 8880), depth: 0, stencil: 0, acc: 0000, samples: 0/0
display  D   display_settings.c:398  _al_score_display_settings       [   0.10526] Single Buffer requirement not met.
display  D   display_settings.c:212  debug_display_settings           [   0.10527] color: 32 (rgba 8880), depth: 0, stencil: 0, acc: 0000, samples: 2/1
display  D   display_settings.c:398  _al_score_display_settings       [   0.10528] Single Buffer requirement not met.
display  D   display_settings.c:212  debug_display_settings           [   0.10529] color: 32 (rgba 8880), depth: 0, stencil: 0, acc: 0000, samples: 3/1
display  D   display_settings.c:398  _al_score_display_settings       [   0.10530] Single Buffer requirement not met.
display  D   display_settings.c:212  debug_display_settings           [   0.10531] color: 32 (rgba 8880), depth: 24, stencil: 8, acc: 0000, samples: 0/0
display  D   display_settings.c:398  _al_score_display_settings       [   0.10532] Single Buffer requirement not met.
display  D   display_settings.c:212  debug_display_settings           [   0.10532] color: 32 (rgba 8880), depth: 24, stencil: 8, acc: 0000, samples: 0/0
display  D   display_settings.c:398  _al_score_display_settings       [   0.10533] Single Buffer requirement not met.
display  D   display_settings.c:212  debug_display_settings           [   0.10534] color: 32 (rgba 8880), depth: 24, stencil: 8, acc: 0000, samples: 2/1
display  D   display_settings.c:398  _al_score_display_settings       [   0.10535] Single Buffer requirement not met.
display  D   display_settings.c:212  debug_display_settings           [   0.10536] color: 32 (rgba 8880), depth: 24, stencil: 8, acc: 0000, samples: 3/1
display  D   display_settings.c:398  _al_score_display_settings       [   0.10537] Single Buffer requirement not met.
display  D   display_settings.c:212  debug_display_settings           [   0.10538] color: 32 (rgba 8880), depth: 24, stencil: 0, acc: 0000, samples: 0/0
display  D   display_settings.c:398  _al_score_display_settings       [   0.10538] Single Buffer requirement not met.
display  D   display_settings.c:212  debug_display_settings           [   0.10539] color: 32 (rgba 8880), depth: 24, stencil: 0, acc: 0000, samples: 0/0
display  D   display_settings.c:398  _al_score_display_settings       [   0.10540] Single Buffer requirement not met.
display  D   display_settings.c:212  debug_display_settings           [   0.10541] color: 32 (rgba 8880), depth: 24, stencil: 0, acc: 0000, samples: 2/1
display  D   display_settings.c:398  _al_score_display_settings       [   0.10542] Single Buffer requirement not met.
display  D   display_settings.c:212  debug_display_settings           [   0.10543] color: 32 (rgba 8880), depth: 24, stencil: 0, acc: 0000, samples: 3/1
display  D   display_settings.c:398  _al_score_display_settings       [   0.10544] Single Buffer requirement not met.
display  D   display_settings.c:212  debug_display_settings           [   0.10544] color: 32 (rgba 8880), depth: 16, stencil: 0, acc: 0000, samples: 0/0
display  D   display_settings.c:398  _al_score_display_settings       [   0.10545] Single Buffer requirement not met.
display  D   display_settings.c:212  debug_display_settings           [   0.10546] color: 32 (rgba 8880), depth: 16, stencil: 0, acc: 0000, samples: 0/0
display  D   display_settings.c:398  _al_score_display_settings       [   0.10547] Single Buffer requirement not met.
display  D   display_settings.c:212  debug_display_settings           [   0.10548] color: 32 (rgba 8880), depth: 16, stencil: 0, acc: 0000, samples: 2/1
display  D   display_settings.c:398  _al_score_display_settings       [   0.10549] Single Buffer requirement not met.
display  D   display_settings.c:212  debug_display_settings           [   0.10550] color: 32 (rgba 8880), depth: 16, stencil: 0, acc: 0000, samples: 3/1
display  D   display_settings.c:398  _al_score_display_settings       [   0.10550] Single Buffer requirement not met.
display  D   display_settings.c:212  debug_display_settings           [   0.10551] color: 16 (rgba 5650), depth: 0, stencil: 0, acc: 0000, samples: 0/0
display  D   display_settings.c:398  _al_score_display_settings       [   0.10552] Single Buffer requirement not met.
display  D   display_settings.c:212  debug_display_settings           [   0.10553] color: 16 (rgba 5650), depth: 0, stencil: 0, acc: 0000, samples: 0/0
display  D   display_settings.c:398  _al_score_display_settings       [   0.10554] Single Buffer requirement not met.
display  D   display_settings.c:212  debug_display_settings           [   0.10555] color: 16 (rgba 5650), depth: 0, stencil: 0, acc: 0000, samples: 2/1
display  D   display_settings.c:398  _al_score_display_settings       [   0.10555] Single Buffer requirement not met.
display  D   display_settings.c:212  debug_display_settings           [   0.10556] color: 16 (rgba 5650), depth: 0, stencil: 0, acc: 0000, samples: 3/1
display  D   display_settings.c:398  _al_score_display_settings       [   0.10557] Single Buffer requirement not met.
display  D   display_settings.c:212  debug_display_settings           [   0.10558] color: 16 (rgba 5650), depth: 24, stencil: 8, acc: 0000, samples: 0/0
display  D   display_settings.c:398  _al_score_display_settings       [   0.10559] Single Buffer requirement not met.
display  D   display_settings.c:212  debug_display_settings           [   0.10561] color: 16 (rgba 5650), depth: 24, stencil: 8, acc: 0000, samples: 0/0
display  D   display_settings.c:398  _al_score_display_settings       [   0.10562] Single Buffer requirement not met.
display  D   display_settings.c:212  debug_display_settings           [   0.10563] color: 16 (rgba 5650), depth: 24, stencil: 8, acc: 0000, samples: 2/1
display  D   display_settings.c:398  _al_score_display_settings       [   0.10564] Single Buffer requirement not met.
display  D   display_settings.c:212  debug_display_settings           [   0.10565] color: 16 (rgba 5650), depth: 24, stencil: 8, acc: 0000, samples: 3/1
display  D   display_settings.c:398  _al_score_display_settings       [   0.10565] Single Buffer requirement not met.
display  D   display_settings.c:212  debug_display_settings           [   0.10566] color: 16 (rgba 5650), depth: 24, stencil: 0, acc: 0000, samples: 0/0
display  D   display_settings.c:398  _al_score_display_settings       [   0.10567] Single Buffer requirement not met.
display  D   display_settings.c:212  debug_display_settings           [   0.10568] color: 16 (rgba 5650), depth: 24, stencil: 0, acc: 0000, samples: 0/0
display  D   display_settings.c:398  _al_score_display_settings       [   0.10569] Single Buffer requirement not met.
display  D   display_settings.c:212  debug_display_settings           [   0.10570] color: 16 (rgba 5650), depth: 24, stencil: 0, acc: 0000, samples: 2/1
display  D   display_settings.c:398  _al_score_display_settings       [   0.10571] Single Buffer requirement not met.
display  D   display_settings.c:212  debug_display_settings           [   0.10571] color: 16 (rgba 5650), depth: 24, stencil: 0, acc: 0000, samples: 3/1
display  D   display_settings.c:398  _al_score_display_settings       [   0.10572] Single Buffer requirement not met.
display  D   display_settings.c:212  debug_display_settings           [   0.10573] color: 16 (rgba 5650), depth: 16, stencil: 0, acc: 0000, samples: 0/0
display  D   display_settings.c:398  _al_score_display_settings       [   0.10574] Single Buffer requirement not met.
display  D   display_settings.c:212  debug_display_settings           [   0.10575] color: 16 (rgba 5650), depth: 16, stencil: 0, acc: 0000, samples: 0/0
display  D   display_settings.c:398  _al_score_display_settings       [   0.10576] Single Buffer requirement not met.
display  D   display_settings.c:212  debug_display_settings           [   0.10576] color: 16 (rgba 5650), depth: 16, stencil: 0, acc: 0000, samples: 2/1
display  D   display_settings.c:398  _al_score_display_settings       [   0.10577] Single Buffer requirement not met.
display  D   display_settings.c:212  debug_display_settings           [   0.10578] color: 16 (rgba 5650), depth: 16, stencil: 0, acc: 0000, samples: 3/1
display  D   display_settings.c:398  _al_score_display_settings       [   0.10579] Single Buffer requirement not met.
d3d      D         d3d_disp.cpp:1682 d3d_create_display_internals     [   0.10581] Trying format 0.
d3d      I         d3d_disp.cpp:1358 d3d_display_thread_proc          [   0.10612] Chose a display format: 23
d3d      I         d3d_disp.cpp:1427 d3d_display_thread_proc          [   0.10615] Normal window.
d3d      I         d3d_disp.cpp:791  d3d_create_device                [   0.17216] Using no depth stencil buffer
d3d      D         d3d_disp.cpp:853  d3d_create_device                [   0.20608] BeginScene succeeded in create_device
d3d      D         d3d_disp.cpp:861  d3d_create_device                [   0.20614] Success
d3d      D         d3d_disp.cpp:1705 d3d_create_display_internals     [   0.20617] Resumed after wait.
d3d      I         d3d_disp.cpp:1738 d3d_create_display_internals     [   0.20621] Format 0 succeeded.
d3d      D         d3d_disp.cpp:1769 d3d_create_display_internals     [   0.20623] Returning d3d_display: 00000000013cdad0
d3d      D         d3d_disp.cpp:1794 d3d_create_display_locked        [   0.20624] al_display=00000000013cdad0
d3d      D         d3d_disp.cpp:1795 d3d_create_display_locked        [   0.20625] al_display->vt=00000000013cd960
system   D            wsystem.c:874  _al_win_safe_load_library        [   0.20649] PathFindOnPath found: C:\WINDOWS\system32\d3dx9_43.dll
system   D            wsystem.c:780  load_library_at_path             [   0.20650] Calling LoadLibrary C:\WINDOWS\system32\d3dx9_43.dll
system   I            wsystem.c:783  load_library_at_path             [   0.20686] Loaded C:\WINDOWS\system32\d3dx9_43.dll
d3dx9    I        d3d_d3dx9.cpp:88   _imp_load_d3dx9_module_version   [   0.20689] Module "d3dx9_43.dll" loaded.
dtor     D               dtor.c:196  _al_register_destructor          [   0.20691] added dtor for timer 0000000002c511c0, func 00007ffebd33fb3b
dtor     D               dtor.c:196  _al_register_destructor          [   0.20693] added dtor for queue 0000000002baa290, func 00007ffebd32c5dc
stdio    D         file_stdio.c:110  file_stdio_fopen                 [   0.20751] opening ./assets/image/game_icon.png rb
stdio    D         file_stdio.c:110  file_stdio_fopen                 [   0.20762] opening ./assets/image/game_icon.png rb
d3d      D         d3d_disp.cpp:1202 real_choose_bitmap_format        [   0.20771] Fake format
d3d      D         d3d_disp.cpp:1202 real_choose_bitmap_format        [   0.20772] Fake format
d3d      D         d3d_disp.cpp:1202 real_choose_bitmap_format        [   0.20773] Fake format
d3d      D         d3d_disp.cpp:1202 real_choose_bitmap_format        [   0.20774] Fake format
d3d      D         d3d_disp.cpp:1202 real_choose_bitmap_format        [   0.20775] Fake format
d3d      D         d3d_disp.cpp:1202 real_choose_bitmap_format        [   0.20776] Fake format
d3d      D         d3d_disp.cpp:1202 real_choose_bitmap_format        [   0.20777] Fake format
d3d      D         d3d_disp.cpp:1202 real_choose_bitmap_format        [   0.20777] Fake format
d3d      D         d3d_disp.cpp:1202 real_choose_bitmap_format        [   0.20778] Fake format
d3d      D         d3d_disp.cpp:1210 real_choose_bitmap_format        [   0.20779] Alpha doesn't match
d3d      D         d3d_disp.cpp:1217 real_choose_bitmap_format        [   0.20780] Adapter format is 23
d3d      D         d3d_disp.cpp:1220 real_choose_bitmap_format        [   0.20781] Found a format
d3d      I         d3d_disp.cpp:2391 d3d_create_bitmap                [   0.20782] Chose bitmap format 9
dtor     D               dtor.c:196  _al_register_destructor          [   0.20797] added dtor for bitmap 0000000002c55890, func 00007ffebd301bea
d3d      D         d3d_disp.cpp:1202 real_choose_bitmap_format        [   0.21167] Fake format
d3d      D         d3d_disp.cpp:1202 real_choose_bitmap_format        [   0.21171] Fake format
d3d      D         d3d_disp.cpp:1202 real_choose_bitmap_format        [   0.21172] Fake format
d3d      D         d3d_disp.cpp:1202 real_choose_bitmap_format        [   0.21173] Fake format
d3d      D         d3d_disp.cpp:1202 real_choose_bitmap_format        [   0.21173] Fake format
d3d      D         d3d_disp.cpp:1202 real_choose_bitmap_format        [   0.21174] Fake format
d3d      D         d3d_disp.cpp:1202 real_choose_bitmap_format        [   0.21175] Fake format
d3d      D         d3d_disp.cpp:1202 real_choose_bitmap_format        [   0.21176] Fake format
d3d      D         d3d_disp.cpp:1202 real_choose_bitmap_format        [   0.21177] Fake format
d3d      D         d3d_disp.cpp:1210 real_choose_bitmap_format        [   0.21178] Alpha doesn't match
d3d      D         d3d_disp.cpp:1217 real_choose_bitmap_format        [   0.21179] Adapter format is 23
d3d      D         d3d_disp.cpp:1220 real_choose_bitmap_format        [   0.21180] Found a format
d3d      I         d3d_disp.cpp:2391 d3d_create_bitmap                [   0.21181] Chose bitmap format 9
dtor     D               dtor.c:196  _al_register_destructor          [   0.21196] added dtor for bitmap 0000000002c51970, func 00007ffebd301bea
d3d      D          d3d_bmp.cpp:539  _al_d3d_sync_bitmap              [   0.21534] _al_d3d_sync_bitmap (system) ref count == 1
d3d      D          d3d_bmp.cpp:545  _al_d3d_sync_bitmap              [   0.21540] _al_d3d_sync_bitmap (video) ref count == 1
dtor     D               dtor.c:227  _al_unregister_destructor        [   0.22287] removed dtor for bitmap 0000000002c51970
d3d      D         d3d_disp.cpp:1202 real_choose_bitmap_format        [   0.23198] Fake format
d3d      D         d3d_disp.cpp:1202 real_choose_bitmap_format        [   0.23205] Fake format
d3d      D         d3d_disp.cpp:1202 real_choose_bitmap_format        [   0.23206] Fake format
d3d      D         d3d_disp.cpp:1202 real_choose_bitmap_format        [   0.23207] Fake format
d3d      D         d3d_disp.cpp:1202 real_choose_bitmap_format        [   0.23208] Fake format
d3d      D         d3d_disp.cpp:1202 real_choose_bitmap_format        [   0.23208] Fake format
d3d      D         d3d_disp.cpp:1202 real_choose_bitmap_format        [   0.23209] Fake format
d3d      D         d3d_disp.cpp:1202 real_choose_bitmap_format        [   0.23210] Fake format
d3d      D         d3d_disp.cpp:1202 real_choose_bitmap_format        [   0.23211] Fake format
d3d      D         d3d_disp.cpp:1210 real_choose_bitmap_format        [   0.23212] Alpha doesn't match
d3d      D         d3d_disp.cpp:1217 real_choose_bitmap_format        [   0.23213] Adapter format is 23
d3d      D         d3d_disp.cpp:1220 real_choose_bitmap_format        [   0.23214] Found a format
d3d      I         d3d_disp.cpp:2391 d3d_create_bitmap                [   0.23215] Chose bitmap format 9
dtor     D               dtor.c:196  _al_register_destructor          [   0.23244] added dtor for bitmap 0000000002c51970, func 00007ffebd301bea
d3d      D          d3d_bmp.cpp:539  _al_d3d_sync_bitmap              [   0.23559] _al_d3d_sync_bitmap (system) ref count == 1
d3d      D          d3d_bmp.cpp:545  _al_d3d_sync_bitmap              [   0.23564] _al_d3d_sync_bitmap (video) ref count == 1
dtor     D               dtor.c:227  _al_unregister_destructor        [   0.23737] removed dtor for bitmap 0000000002c51970
audio-dsound D           dsound.cpp:311  _dsound_allocate_voice           [   0.23830] Allocating voice
audio-dsound D           dsound.cpp:370  _dsound_allocate_voice           [   0.23833] Allocated voice
dtor     D               dtor.c:196  _al_register_destructor          [   0.23834] added dtor for voice 0000000002c4fd90, func 00007ffebd435024
dtor     D               dtor.c:196  _al_register_destructor          [   0.23836] added dtor for mixer 0000000002c51a50, func 00007ffebd4304dc
audio-dsound D           dsound.cpp:466  _dsound_start_voice              [   0.23837] Starting voice
audio-dsound D           dsound.cpp:494  _dsound_start_voice              [   0.23838] CreateSoundBuffer
audio-dsound D           dsound.cpp:502  _dsound_start_voice              [   0.24041] CreateSoundBuffer succeeded
audio-dsound D           dsound.cpp:508  _dsound_start_voice              [   0.24044] Starting _dsound_update thread
audio-dsound I           dsound.cpp:518  _dsound_start_voice              [   0.24050] Voice started
dtor     D               dtor.c:196  _al_register_destructor          [   0.24051] added dtor for sample_instance 0000000002c51ea0, func 00007ffebd42929b
audio    D          kcm_mixer.c:121  _al_rechannel_matrix             [   0.24053] sample matrix:
audio    D          kcm_mixer.c:127  _al_rechannel_matrix             [   0.24054] 
audio    D          kcm_mixer.c:127  _al_rechannel_matrix             [   0.24055] 
dtor     D               dtor.c:196  _al_register_destructor          [   0.24056] added dtor for sample_instance 0000000002c51fc0, func 00007ffebd42929b
audio    D          kcm_mixer.c:121  _al_rechannel_matrix             [   0.24057] sample matrix:
audio    D          kcm_mixer.c:127  _al_rechannel_matrix             [   0.24058] 
audio    D          kcm_mixer.c:127  _al_rechannel_matrix             [   0.24058] 
dtor     D               dtor.c:196  _al_register_destructor          [   0.24059] added dtor for sample_instance 0000000002c52500, func 00007ffebd42929b
audio    D          kcm_mixer.c:121  _al_rechannel_matrix             [   0.24061] sample matrix:
audio    D          kcm_mixer.c:127  _al_rechannel_matrix             [   0.24062] 
audio    D          kcm_mixer.c:127  _al_rechannel_matrix             [   0.24063] 
dtor     D               dtor.c:196  _al_register_destructor          [   0.24063] added dtor for sample_instance 0000000002c52620, func 00007ffebd42929b
audio    D          kcm_mixer.c:121  _al_rechannel_matrix             [   0.24064] sample matrix:
audio    D          kcm_mixer.c:127  _al_rechannel_matrix             [   0.24065] 
audio    D          kcm_mixer.c:127  _al_rechannel_matrix             [   0.24066] 
dtor     D               dtor.c:196  _al_register_destructor          [   0.24067] added dtor for sample_instance 0000000002c52740, func 00007ffebd42929b
audio    D          kcm_mixer.c:121  _al_rechannel_matrix             [   0.24068] sample matrix:
audio    D          kcm_mixer.c:127  _al_rechannel_matrix             [   0.24069] 
audio    D          kcm_mixer.c:127  _al_rechannel_matrix             [   0.24070] 
dtor     D               dtor.c:196  _al_register_destructor          [   0.24071] added dtor for sample_instance 0000000002c529a0, func 00007ffebd42929b
audio    D          kcm_mixer.c:121  _al_rechannel_matrix             [   0.24072] sample matrix:
audio    D          kcm_mixer.c:127  _al_rechannel_matrix             [   0.24072] 
audio    D          kcm_mixer.c:127  _al_rechannel_matrix             [   0.24073] 
dtor     D               dtor.c:196  _al_register_destructor          [   0.24074] added dtor for sample_instance 0000000002c51bb0, func 00007ffebd42929b
audio    D          kcm_mixer.c:121  _al_rechannel_matrix             [   0.24079] sample matrix:
audio    D          kcm_mixer.c:127  _al_rechannel_matrix             [   0.24082] 
audio    D          kcm_mixer.c:127  _al_rechannel_matrix             [   0.24083] 
dtor     D               dtor.c:196  _al_register_destructor          [   0.24084] added dtor for sample_instance 0000000002c51cd0, func 00007ffebd42929b
audio    D          kcm_mixer.c:121  _al_rechannel_matrix             [   0.24085] sample matrix:
audio    D          kcm_mixer.c:127  _al_rechannel_matrix             [   0.24086] 
audio    D          kcm_mixer.c:127  _al_rechannel_matrix             [   0.24087] 
dtor     D               dtor.c:196  _al_register_destructor          [   0.24088] added dtor for sample_instance 0000000002c53ad0, func 00007ffebd42929b
audio    D          kcm_mixer.c:121  _al_rechannel_matrix             [   0.24089] sample matrix:
audio    D          kcm_mixer.c:127  _al_rechannel_matrix             [   0.24090] 
audio    D          kcm_mixer.c:127  _al_rechannel_matrix             [   0.24091] 
dtor     D               dtor.c:196  _al_register_destructor          [   0.24092] added dtor for sample_instance 0000000002c53bf0, func 00007ffebd42929b
audio    D          kcm_mixer.c:121  _al_rechannel_matrix             [   0.24093] sample matrix:
audio    D          kcm_mixer.c:127  _al_rechannel_matrix             [   0.24094] 
audio    D          kcm_mixer.c:127  _al_rechannel_matrix             [   0.24095] 
dtor     D               dtor.c:196  _al_register_destructor          [   0.24095] added dtor for sample_instance 0000000002c53d10, func 00007ffebd42929b
audio    D          kcm_mixer.c:121  _al_rechannel_matrix             [   0.24096] sample matrix:
audio    D          kcm_mixer.c:127  _al_rechannel_matrix             [   0.24097] 
audio    D          kcm_mixer.c:127  _al_rechannel_matrix             [   0.24098] 
dtor     D               dtor.c:196  _al_register_destructor          [   0.24099] added dtor for sample_instance 0000000002c53e30, func 00007ffebd42929b
audio    D          kcm_mixer.c:121  _al_rechannel_matrix             [   0.24100] sample matrix:
audio    D          kcm_mixer.c:127  _al_rechannel_matrix             [   0.24101] 
audio    D          kcm_mixer.c:127  _al_rechannel_matrix             [   0.24102] 
dtor     D               dtor.c:196  _al_register_destructor          [   0.24103] added dtor for sample_instance 0000000002c54760, func 00007ffebd42929b
audio    D          kcm_mixer.c:121  _al_rechannel_matrix             [   0.24104] sample matrix:
audio    D          kcm_mixer.c:127  _al_rechannel_matrix             [   0.24105] 
audio    D          kcm_mixer.c:127  _al_rechannel_matrix             [   0.24106] 
dtor     D               dtor.c:196  _al_register_destructor          [   0.24107] added dtor for sample_instance 0000000002c54880, func 00007ffebd42929b
audio    D          kcm_mixer.c:121  _al_rechannel_matrix             [   0.24108] sample matrix:
audio    D          kcm_mixer.c:127  _al_rechannel_matrix             [   0.24108] 
audio    D          kcm_mixer.c:127  _al_rechannel_matrix             [   0.24109] 
dtor     D               dtor.c:196  _al_register_destructor          [   0.24110] added dtor for sample_instance 0000000002c61e10, func 00007ffebd42929b
audio    D          kcm_mixer.c:121  _al_rechannel_matrix             [   0.24111] sample matrix:
audio    D          kcm_mixer.c:127  _al_rechannel_matrix             [   0.24112] 
audio    D          kcm_mixer.c:127  _al_rechannel_matrix             [   0.24113] 
dtor     D               dtor.c:196  _al_register_destructor          [   0.24114] added dtor for sample_instance 0000000002c61cf0, func 00007ffebd42929b
audio    D          kcm_mixer.c:121  _al_rechannel_matrix             [   0.24115] sample matrix:
audio    D          kcm_mixer.c:127  _al_rechannel_matrix             [   0.24116] 
audio    D          kcm_mixer.c:127  _al_rechannel_matrix             [   0.24117] 
stdio    D         file_stdio.c:110  file_stdio_fopen                 [   0.24118] opening ./assets/font/Caviar_Dreams_Bold.ttf rb
font     D                ttf.c:943  al_load_ttf_font_stretch_f       [   0.24141] Font ./assets/font/Caviar_Dreams_Bold.ttf loaded with pixel size 0 x 12.
font     D                ttf.c:945  al_load_ttf_font_stretch_f       [   0.24143]     ascent=12.0, descent=-4.0, height=15.0
dtor     D               dtor.c:196  _al_register_destructor          [   0.24144] added dtor for ttf_font 0000000002c465d0, func 00007ffebd424c05
stdio    D         file_stdio.c:110  file_stdio_fopen                 [   0.24146] opening ./assets/font/courbd.ttf rb
font     D                ttf.c:943  al_load_ttf_font_stretch_f       [   0.24164] Font ./assets/font/courbd.ttf loaded with pixel size 0 x 12.
font     D                ttf.c:945  al_load_ttf_font_stretch_f       [   0.24165]     ascent=10.0, descent=-4.0, height=14.0
dtor     D               dtor.c:196  _al_register_destructor          [   0.24166] added dtor for ttf_font 0000000002ba17d0, func 00007ffebd424c05
stdio    D         file_stdio.c:110  file_stdio_fopen                 [   0.24168] opening ./assets/font/Caviar_Dreams_Bold.ttf rb
font     D                ttf.c:943  al_load_ttf_font_stretch_f       [   0.24177] Font ./assets/font/Caviar_Dreams_Bold.ttf loaded with pixel size 0 x 24.
font     D                ttf.c:945  al_load_ttf_font_stretch_f       [   0.24178]     ascent=24.0, descent=-7.0, height=30.0
dtor     D               dtor.c:196  _al_register_destructor          [   0.24179] added dtor for ttf_font 000000000f2d2b10, func 00007ffebd424c05
stdio    D         file_stdio.c:110  file_stdio_fopen                 [   0.24180] opening ./assets/font/courbd.ttf rb
font     D                ttf.c:943  al_load_ttf_font_stretch_f       [   0.24192] Font ./assets/font/courbd.ttf loaded with pixel size 0 x 24.
font     D                ttf.c:945  al_load_ttf_font_stretch_f       [   0.24193]     ascent=20.0, descent=-8.0, height=27.0
dtor     D               dtor.c:196  _al_register_destructor          [   0.24194] added dtor for ttf_font 000000000f2d2510, func 00007ffebd424c05
stdio    D         file_stdio.c:110  file_stdio_fopen                 [   0.24195] opening ./assets/font/Caviar_Dreams_Bold.ttf rb
font     D                ttf.c:943  al_load_ttf_font_stretch_f       [   0.24203] Font ./assets/font/Caviar_Dreams_Bold.ttf loaded with pixel size 0 x 36.
font     D                ttf.c:945  al_load_ttf_font_stretch_f       [   0.24205]     ascent=36.0, descent=-11.0, height=46.0
dtor     D               dtor.c:196  _al_register_destructor          [   0.24206] added dtor for ttf_font 000000000f2d28a0, func 00007ffebd424c05
stdio    D         file_stdio.c:110  file_stdio_fopen                 [   0.24207] opening ./assets/font/courbd.ttf rb
font     D                ttf.c:943  al_load_ttf_font_stretch_f       [   0.24218] Font ./assets/font/courbd.ttf loaded with pixel size 0 x 36.
font     D                ttf.c:945  al_load_ttf_font_stretch_f       [   0.24219]     ascent=30.0, descent=-11.0, height=41.0
dtor     D               dtor.c:196  _al_register_destructor          [   0.24220] added dtor for ttf_font 000000000f2d25d0, func 00007ffebd424c05
stdio    D         file_stdio.c:110  file_stdio_fopen                 [   0.24239] opening ./assets/image/tile/red_block.png rb
stdio    D         file_stdio.c:110  file_stdio_fopen                 [   0.24250] opening ./assets/image/tile/red_block.png rb
d3d      D         d3d_disp.cpp:1202 real_choose_bitmap_format        [   0.24263] Fake format
d3d      D         d3d_disp.cpp:1202 real_choose_bitmap_format        [   0.24265] Fake format
d3d      D         d3d_disp.cpp:1202 real_choose_bitmap_format        [   0.24266] Fake format
d3d      D         d3d_disp.cpp:1202 real_choose_bitmap_format        [   0.24267] Fake format
d3d      D         d3d_disp.cpp:1202 real_choose_bitmap_format        [   0.24268] Fake format
d3d      D         d3d_disp.cpp:1202 real_choose_bitmap_format        [   0.24269] Fake format
d3d      D         d3d_disp.cpp:1202 real_choose_bitmap_format        [   0.24270] Fake format
d3d      D         d3d_disp.cpp:1202 real_choose_bitmap_format        [   0.24271] Fake format
d3d      D         d3d_disp.cpp:1202 real_choose_bitmap_format        [   0.24272] Fake format
d3d      D         d3d_disp.cpp:1210 real_choose_bitmap_format        [   0.24273] Alpha doesn't match
d3d      D         d3d_disp.cpp:1217 real_choose_bitmap_format        [   0.24274] Adapter format is 23
d3d      D         d3d_disp.cpp:1220 real_choose_bitmap_format        [   0.24275] Found a format
d3d      I         d3d_disp.cpp:2391 d3d_create_bitmap                [   0.24276] Chose bitmap format 9
dtor     D               dtor.c:196  _al_register_destructor          [   0.24302] added dtor for bitmap 000000000f2eafd0, func 00007ffebd301bea
stdio    D         file_stdio.c:110  file_stdio_fopen                 [   0.24313] opening ./assets/image/portal/exit_2.png rb
stdio    D         file_stdio.c:110  file_stdio_fopen                 [   0.24321] opening ./assets/image/portal/exit_2.png rb
d3d      D         d3d_disp.cpp:1202 real_choose_bitmap_format        [   0.24327] Fake format
d3d      D         d3d_disp.cpp:1202 real_choose_bitmap_format        [   0.24328] Fake format
d3d      D         d3d_disp.cpp:1202 real_choose_bitmap_format        [   0.24329] Fake format
d3d      D         d3d_disp.cpp:1202 real_choose_bitmap_format        [   0.24330] Fake format
d3d      D         d3d_disp.cpp:1202 real_choose_bitmap_format        [   0.24330] Fake format
d3d      D         d3d_disp.cpp:1202 real_choose_bitmap_format        [   0.24331] Fake format
d3d      D         d3d_disp.cpp:1202 real_choose_bitmap_format        [   0.24332] Fake format
d3d      D         d3d_disp.cpp:1202 real_choose_bitmap_format        [   0.24333] Fake format
d3d      D         d3d_disp.cpp:1202 real_choose_bitmap_format        [   0.24334] Fake format
d3d      D         d3d_disp.cpp:1210 real_choose_bitmap_format        [   0.24335] Alpha doesn't match
d3d      D         d3d_disp.cpp:1217 real_choose_bitmap_format        [   0.24336] Adapter format is 23
d3d      D         d3d_disp.cpp:1220 real_choose_bitmap_format        [   0.24337] Found a format
d3d      I         d3d_disp.cpp:2391 d3d_create_bitmap                [   0.24337] Chose bitmap format 9
dtor     D               dtor.c:196  _al_register_destructor          [   0.24351] added dtor for bitmap 000000000f2f31c0, func 00007ffebd301bea
stdio    D         file_stdio.c:110  file_stdio_fopen                 [   0.30936] opening ./assets/image/spike/triangle_gradient_no_margin.png rb
stdio    D         file_stdio.c:110  file_stdio_fopen                 [   0.30961] opening ./assets/image/spike/triangle_gradient_no_margin.png rb
d3d      D         d3d_disp.cpp:1202 real_choose_bitmap_format        [   0.30969] Fake format
d3d      D         d3d_disp.cpp:1202 real_choose_bitmap_format        [   0.30971] Fake format
d3d      D         d3d_disp.cpp:1202 real_choose_bitmap_format        [   0.30973] Fake format
d3d      D         d3d_disp.cpp:1202 real_choose_bitmap_format        [   0.30974] Fake format
d3d      D         d3d_disp.cpp:1202 real_choose_bitmap_format        [   0.30976] Fake format
d3d      D         d3d_disp.cpp:1202 real_choose_bitmap_format        [   0.30978] Fake format
d3d      D         d3d_disp.cpp:1202 real_choose_bitmap_format        [   0.30979] Fake format
d3d      D         d3d_disp.cpp:1202 real_choose_bitmap_format        [   0.30981] Fake format
d3d      D         d3d_disp.cpp:1202 real_choose_bitmap_format        [   0.30982] Fake format
d3d      D         d3d_disp.cpp:1210 real_choose_bitmap_format        [   0.30984] Alpha doesn't match
d3d      D         d3d_disp.cpp:1217 real_choose_bitmap_format        [   0.30985] Adapter format is 23
d3d      D         d3d_disp.cpp:1220 real_choose_bitmap_format        [   0.30987] Found a format
d3d      I         d3d_disp.cpp:2391 d3d_create_bitmap                [   0.30989] Chose bitmap format 9
dtor     D               dtor.c:196  _al_register_destructor          [   0.31032] added dtor for bitmap 000000000f315e20, func 00007ffebd301bea
stdio    D         file_stdio.c:110  file_stdio_fopen                 [   0.36705] opening ./assets/gif/hero/dragonite_front.gif rb
d3d      D         d3d_disp.cpp:1202 real_choose_bitmap_format        [   0.36745] Fake format
d3d      D         d3d_disp.cpp:1202 real_choose_bitmap_format        [   0.36748] Fake format
d3d      D         d3d_disp.cpp:1202 real_choose_bitmap_format        [   0.36749] Fake format
d3d      D         d3d_disp.cpp:1202 real_choose_bitmap_format        [   0.36750] Fake format
d3d      D         d3d_disp.cpp:1202 real_choose_bitmap_format        [   0.36751] Fake format
d3d      D         d3d_disp.cpp:1202 real_choose_bitmap_format        [   0.36751] Fake format
d3d      D         d3d_disp.cpp:1202 real_choose_bitmap_format        [   0.36752] Fake format
d3d      D         d3d_disp.cpp:1202 real_choose_bitmap_format        [   0.36753] Fake format
d3d      D         d3d_disp.cpp:1202 real_choose_bitmap_format        [   0.36754] Fake format
d3d      D         d3d_disp.cpp:1210 real_choose_bitmap_format        [   0.36755] Alpha doesn't match
d3d      D         d3d_disp.cpp:1217 real_choose_bitmap_format        [   0.36756] Adapter format is 23
d3d      D         d3d_disp.cpp:1220 real_choose_bitmap_format        [   0.36757] Found a format
d3d      I         d3d_disp.cpp:2391 d3d_create_bitmap                [   0.36758] Chose bitmap format 9
dtor     D               dtor.c:196  _al_register_destructor          [   0.36865] added dtor for bitmap 000000000f3148f0, func 00007ffebd301bea
d3d      D         d3d_disp.cpp:1202 real_choose_bitmap_format        [   0.37365] Fake format
d3d      D         d3d_disp.cpp:1202 real_choose_bitmap_format        [   0.37370] Fake format
d3d      D         d3d_disp.cpp:1202 real_choose_bitmap_format        [   0.37371] Fake format
d3d      D         d3d_disp.cpp:1202 real_choose_bitmap_format        [   0.37372] Fake format
d3d      D         d3d_disp.cpp:1202 real_choose_bitmap_format        [   0.37373] Fake format
d3d      D         d3d_disp.cpp:1202 real_choose_bitmap_format        [   0.37373] Fake format
d3d      D         d3d_disp.cpp:1202 real_choose_bitmap_format        [   0.37374] Fake format
d3d      D         d3d_disp.cpp:1202 real_choose_bitmap_format        [   0.37375] Fake format
d3d      D         d3d_disp.cpp:1202 real_choose_bitmap_format        [   0.37376] Fake format
d3d      D         d3d_disp.cpp:1210 real_choose_bitmap_format        [   0.37377] Alpha doesn't match
d3d      D         d3d_disp.cpp:1217 real_choose_bitmap_format        [   0.37378] Adapter format is 23
d3d      D         d3d_disp.cpp:1220 real_choose_bitmap_format        [   0.37379] Found a format
d3d      I         d3d_disp.cpp:2391 d3d_create_bitmap                [   0.37380] Chose bitmap format 9
dtor     D               dtor.c:196  _al_register_destructor          [   0.37424] added dtor for bitmap 000000000f2fab40, func 00007ffebd301bea
d3d      D         d3d_disp.cpp:1202 real_choose_bitmap_format        [   0.38318] Fake format
d3d      D         d3d_disp.cpp:1202 real_choose_bitmap_format        [   0.38324] Fake format
d3d      D         d3d_disp.cpp:1202 real_choose_bitmap_format        [   0.38325] Fake format
d3d      D         d3d_disp.cpp:1202 real_choose_bitmap_format        [   0.38326] Fake format
d3d      D         d3d_disp.cpp:1202 real_choose_bitmap_format        [   0.38327] Fake format
d3d      D         d3d_disp.cpp:1202 real_choose_bitmap_format        [   0.38328] Fake format
d3d      D         d3d_disp.cpp:1202 real_choose_bitmap_format        [   0.38329] Fake format
d3d      D         d3d_disp.cpp:1202 real_choose_bitmap_format        [   0.38329] Fake format
d3d      D         d3d_disp.cpp:1202 real_choose_bitmap_format        [   0.38330] Fake format
d3d      D         d3d_disp.cpp:1210 real_choose_bitmap_format        [   0.38331] Alpha doesn't match
d3d      D         d3d_disp.cpp:1217 real_choose_bitmap_format        [   0.38332] Adapter format is 23
d3d      D         d3d_disp.cpp:1220 real_choose_bitmap_format        [   0.38333] Found a format
d3d      I         d3d_disp.cpp:2391 d3d_create_bitmap                [   0.38334] Chose bitmap format 9
font     D                ttf.c:243  alloc_glyph_region               [   0.38352] Glyph 39: 20x31 (20x32)
font     D                ttf.c:287  alloc_glyph_region               [   0.38357] Locking glyph region: 000000000f306640 0 0 20 32
font     D                ttf.c:167  unlock_current_page              [   0.38555] Unlocking page: 000000000f306640
font     D                ttf.c:243  alloc_glyph_region               [   0.38565] Glyph 72: 22x23 (24x24)
font     D                ttf.c:287  alloc_glyph_region               [   0.38566] Locking glyph region: 000000000f306640 20 0 24 24
font     D                ttf.c:167  unlock_current_page              [   0.38570] Unlocking page: 000000000f306640
font     D                ttf.c:243  alloc_glyph_region               [   0.38575] Glyph 68: 22x23 (24x24)
font     D                ttf.c:287  alloc_glyph_region               [   0.38577] Locking glyph region: 000000000f306640 44 0 24 24
font     D                ttf.c:167  unlock_current_page              [   0.38580] Unlocking page: 000000000f306640
font     D                ttf.c:243  alloc_glyph_region               [   0.38583] Glyph 87: 12x27 (12x28)
font     D                ttf.c:287  alloc_glyph_region               [   0.38585] Locking glyph region: 000000000f306640 68 0 12 28
font     D                ttf.c:167  unlock_current_page              [   0.38587] Unlocking page: 000000000f306640
font     D                ttf.c:243  alloc_glyph_region               [   0.38591] Glyph 75: 17x31 (20x32)
font     D                ttf.c:287  alloc_glyph_region               [   0.38592] Locking glyph region: 000000000f306640 80 0 20 32
font     D                ttf.c:167  unlock_current_page              [   0.38595] Unlocking page: 000000000f306640
font     D                ttf.c:446  cache_glyph                      [   0.38597] Glyph 3 has zero size.
font     D                ttf.c:243  alloc_glyph_region               [   0.38602] Glyph 70: 22x23 (24x24)
font     D                ttf.c:287  alloc_glyph_region               [   0.38612] Locking glyph region: 000000000f306640 100 0 24 24
font     D                ttf.c:167  unlock_current_page              [   0.38615] Unlocking page: 000000000f306640
font     D                ttf.c:243  alloc_glyph_region               [   0.38620] Glyph 82: 22x23 (24x24)
font     D                ttf.c:287  alloc_glyph_region               [   0.38621] Locking glyph region: 000000000f306640 124 0 24 24
font     D                ttf.c:167  unlock_current_page              [   0.38625] Unlocking page: 000000000f306640
font     D                ttf.c:243  alloc_glyph_region               [   0.38628] Glyph 88: 17x21 (20x24)
font     D                ttf.c:287  alloc_glyph_region               [   0.38630] Locking glyph region: 000000000f306640 148 0 20 24
font     D                ttf.c:167  unlock_current_page              [   0.38632] Unlocking page: 000000000f306640
font     D                ttf.c:243  alloc_glyph_region               [   0.38637] Glyph 81: 17x22 (20x24)
font     D                ttf.c:287  alloc_glyph_region               [   0.38638] Locking glyph region: 000000000f306640 168 0 20 24
font     D                ttf.c:167  unlock_current_page              [   0.38640] Unlocking page: 000000000f306640
font     D                ttf.c:243  alloc_glyph_region               [   0.38644] Glyph 32: 17x11 (20x12)
font     D                ttf.c:287  alloc_glyph_region               [   0.38646] Locking glyph region: 000000000f306640 188 0 20 12
font     D                ttf.c:167  unlock_current_page              [   0.38648] Unlocking page: 000000000f306640
font     D                ttf.c:243  alloc_glyph_region               [   0.38653] Glyph 19: 22x31 (24x32)
font     D                ttf.c:287  alloc_glyph_region               [   0.38654] Locking glyph region: 000000000f306640 208 0 24 32
font     D                ttf.c:167  unlock_current_page              [   0.38657] Unlocking page: 000000000f306640
d3d      D          d3d_bmp.cpp:539  _al_d3d_sync_bitmap              [   0.38869] _al_d3d_sync_bitmap (system) ref count == 1
d3d      D          d3d_bmp.cpp:545  _al_d3d_sync_bitmap              [   0.38876] _al_d3d_sync_bitmap (video) ref count == 1
d3d      D          d3d_bmp.cpp:539  _al_d3d_sync_bitmap              [   0.39327] _al_d3d_sync_bitmap (system) ref count == 1
d3d      D          d3d_bmp.cpp:545  _al_d3d_sync_bitmap              [   0.39334] _al_d3d_sync_bitmap (video) ref count == 1
d3d      D          d3d_bmp.cpp:539  _al_d3d_sync_bitmap              [   0.39414] _al_d3d_sync_bitmap (system) ref count == 1
d3d      D          d3d_bmp.cpp:545  _al_d3d_sync_bitmap              [   0.39418] _al_d3d_sync_bitmap (video) ref count == 1
d3d      D          d3d_bmp.cpp:539  _al_d3d_sync_bitmap              [   0.40040] _al_d3d_sync_bitmap (system) ref count == 1
d3d      D          d3d_bmp.cpp:545  _al_d3d_sync_bitmap              [   0.40052] _al_d3d_sync_bitmap (video) ref count == 1
d3d      D          d3d_bmp.cpp:539  _al_d3d_sync_bitmap              [   0.40315] _al_d3d_sync_bitmap (system) ref count == 1
d3d      D          d3d_bmp.cpp:545  _al_d3d_sync_bitmap              [   0.40319] _al_d3d_sync_bitmap (video) ref count == 1
d3d      D          d3d_bmp.cpp:539  _al_d3d_sync_bitmap              [   0.40371] _al_d3d_sync_bitmap (system) ref count == 1
d3d      D          d3d_bmp.cpp:545  _al_d3d_sync_bitmap              [   0.40375] _al_d3d_sync_bitmap (video) ref count == 1
d3d      D          d3d_bmp.cpp:539  _al_d3d_sync_bitmap              [   0.40412] _al_d3d_sync_bitmap (system) ref count == 1
d3d      D          d3d_bmp.cpp:545  _al_d3d_sync_bitmap              [   0.40415] _al_d3d_sync_bitmap (video) ref count == 1
stdio    D         file_stdio.c:110  file_stdio_fopen                 [   0.40547] opening ./assets/sound/BGM.mp3 rb
dtor     D               dtor.c:196  _al_register_destructor          [   0.65382] added dtor for sample 000000000f2f7b00, func 00007ffebd431a1d
dtor     D               dtor.c:196  _al_register_destructor          [   0.65392] added dtor for sample_instance 0000000002c62170, func 00007ffebd42929b
audio    D          kcm_mixer.c:121  _al_rechannel_matrix             [   0.65394] sample matrix:
audio    D          kcm_mixer.c:127  _al_rechannel_matrix             [   0.65395]  0.707107 0.000000
audio    D          kcm_mixer.c:127  _al_rechannel_matrix             [   0.65396]  0.000000 0.707107
stdio    D         file_stdio.c:110  file_stdio_fopen                 [   3.75040] opening ./assets/gif/hero/dragonite_right.gif rb
d3d      D         d3d_disp.cpp:1202 real_choose_bitmap_format        [   3.75067] Fake format
d3d      D         d3d_disp.cpp:1202 real_choose_bitmap_format        [   3.75069] Fake format
d3d      D         d3d_disp.cpp:1202 real_choose_bitmap_format        [   3.75070] Fake format
d3d      D         d3d_disp.cpp:1202 real_choose_bitmap_format        [   3.75070] Fake format
d3d      D         d3d_disp.cpp:1202 real_choose_bitmap_format        [   3.75071] Fake format
d3d      D         d3d_disp.cpp:1202 real_choose_bitmap_format        [   3.75072] Fake format
d3d      D         d3d_disp.cpp:1202 real_choose_bitmap_format        [   3.75073] Fake format
d3d      D         d3d_disp.cpp:1202 real_choose_bitmap_format        [   3.75073] Fake format
d3d      D         d3d_disp.cpp:1202 real_choose_bitmap_format        [   3.75074] Fake format
d3d      D         d3d_disp.cpp:1210 real_choose_bitmap_format        [   3.75075] Alpha doesn't match
d3d      D         d3d_disp.cpp:1217 real_choose_bitmap_format        [   3.75076] Adapter format is 23
d3d      D         d3d_disp.cpp:1220 real_choose_bitmap_format        [   3.75077] Found a format
d3d      I         d3d_disp.cpp:2391 d3d_create_bitmap                [   3.75077] Chose bitmap format 9
dtor     D               dtor.c:196  _al_register_destructor          [   3.75108] added dtor for bitmap 000000000f3441b0, func 00007ffebd301bea
d3d      D         d3d_disp.cpp:1202 real_choose_bitmap_format        [   3.75207] Fake format
d3d      D         d3d_disp.cpp:1202 real_choose_bitmap_format        [   3.75210] Fake format
d3d      D         d3d_disp.cpp:1202 real_choose_bitmap_format        [   3.75210] Fake format
d3d      D         d3d_disp.cpp:1202 real_choose_bitmap_format        [   3.75211] Fake format
d3d      D         d3d_disp.cpp:1202 real_choose_bitmap_format        [   3.75212] Fake format
d3d      D         d3d_disp.cpp:1202 real_choose_bitmap_format        [   3.75213] Fake format
d3d      D         d3d_disp.cpp:1202 real_choose_bitmap_format        [   3.75214] Fake format
d3d      D         d3d_disp.cpp:1202 real_choose_bitmap_format        [   3.75214] Fake format
d3d      D         d3d_disp.cpp:1202 real_choose_bitmap_format        [   3.75215] Fake format
d3d      D         d3d_disp.cpp:1210 real_choose_bitmap_format        [   3.75216] Alpha doesn't match
d3d      D         d3d_disp.cpp:1217 real_choose_bitmap_format        [   3.75217] Adapter format is 23
d3d      D         d3d_disp.cpp:1220 real_choose_bitmap_format        [   3.75218] Found a format
d3d      I         d3d_disp.cpp:2391 d3d_create_bitmap                [   3.75218] Chose bitmap format 9
dtor     D               dtor.c:196  _al_register_destructor          [   3.75227] added dtor for bitmap 000000000f342220, func 00007ffebd301bea
d3d      D          d3d_bmp.cpp:539  _al_d3d_sync_bitmap              [   3.75786] _al_d3d_sync_bitmap (system) ref count == 1
d3d      D          d3d_bmp.cpp:545  _al_d3d_sync_bitmap              [   3.75791] _al_d3d_sync_bitmap (video) ref count == 1
d3d      D          d3d_bmp.cpp:539  _al_d3d_sync_bitmap              [   3.76124] _al_d3d_sync_bitmap (system) ref count == 1
d3d      D          d3d_bmp.cpp:545  _al_d3d_sync_bitmap              [   3.76128] _al_d3d_sync_bitmap (video) ref count == 1
stdio    D         file_stdio.c:110  file_stdio_fopen                 [   3.83316] opening ./assets/sound/assert.MP3 rb
dtor     D               dtor.c:196  _al_register_destructor          [   3.83418] added dtor for sample 000000000f2f7f50, func 00007ffebd431a1d
dtor     D               dtor.c:196  _al_register_destructor          [   3.83424] added dtor for sample_instance 0000000002c62050, func 00007ffebd42929b
audio    D          kcm_mixer.c:121  _al_rechannel_matrix             [   3.83426] sample matrix:
audio    D          kcm_mixer.c:127  _al_rechannel_matrix             [   3.83427]  0.707107 0.000000
audio    D          kcm_mixer.c:127  _al_rechannel_matrix             [   3.83427]  0.000000 0.707107
stdio    D         file_stdio.c:110  file_stdio_fopen                 [   3.86679] opening ./assets/gif/hero/dragonite_left.gif rb
d3d      D         d3d_disp.cpp:1202 real_choose_bitmap_format        [   3.86702] Fake format
d3d      D         d3d_disp.cpp:1202 real_choose_bitmap_format        [   3.86703] Fake format
d3d      D         d3d_disp.cpp:1202 real_choose_bitmap_format        [   3.86704] Fake format
d3d      D         d3d_disp.cpp:1202 real_choose_bitmap_format        [   3.86705] Fake format
d3d      D         d3d_disp.cpp:1202 real_choose_bitmap_format        [   3.86706] Fake format
d3d      D         d3d_disp.cpp:1202 real_choose_bitmap_format        [   3.86707] Fake format
d3d      D         d3d_disp.cpp:1202 real_choose_bitmap_format        [   3.86707] Fake format
d3d      D         d3d_disp.cpp:1202 real_choose_bitmap_format        [   3.86708] Fake format
d3d      D         d3d_disp.cpp:1202 real_choose_bitmap_format        [   3.86709] Fake format
d3d      D         d3d_disp.cpp:1210 real_choose_bitmap_format        [   3.86710] Alpha doesn't match
d3d      D         d3d_disp.cpp:1217 real_choose_bitmap_format        [   3.86711] Adapter format is 23
d3d      D         d3d_disp.cpp:1220 real_choose_bitmap_format        [   3.86712] Found a format
d3d      I         d3d_disp.cpp:2391 d3d_create_bitmap                [   3.86712] Chose bitmap format 9
dtor     D               dtor.c:196  _al_register_destructor          [   3.86734] added dtor for bitmap 000000000f34d6f0, func 00007ffebd301bea
d3d      D         d3d_disp.cpp:1202 real_choose_bitmap_format        [   3.86822] Fake format
d3d      D         d3d_disp.cpp:1202 real_choose_bitmap_format        [   3.86824] Fake format
d3d      D         d3d_disp.cpp:1202 real_choose_bitmap_format        [   3.86825] Fake format
d3d      D         d3d_disp.cpp:1202 real_choose_bitmap_format        [   3.86826] Fake format
d3d      D         d3d_disp.cpp:1202 real_choose_bitmap_format        [   3.86827] Fake format
d3d      D         d3d_disp.cpp:1202 real_choose_bitmap_format        [   3.86828] Fake format
d3d      D         d3d_disp.cpp:1202 real_choose_bitmap_format        [   3.86828] Fake format
d3d      D         d3d_disp.cpp:1202 real_choose_bitmap_format        [   3.86829] Fake format
d3d      D         d3d_disp.cpp:1202 real_choose_bitmap_format        [   3.86830] Fake format
d3d      D         d3d_disp.cpp:1210 real_choose_bitmap_format        [   3.86831] Alpha doesn't match
d3d      D         d3d_disp.cpp:1217 real_choose_bitmap_format        [   3.86832] Adapter format is 23
d3d      D         d3d_disp.cpp:1220 real_choose_bitmap_format        [   3.86832] Found a format
d3d      I         d3d_disp.cpp:2391 d3d_create_bitmap                [   3.86833] Chose bitmap format 9
dtor     D               dtor.c:196  _al_register_destructor          [   3.86844] added dtor for bitmap 000000000f34e110, func 00007ffebd301bea
d3d      D          d3d_bmp.cpp:539  _al_d3d_sync_bitmap              [   3.87354] _al_d3d_sync_bitmap (system) ref count == 1
d3d      D          d3d_bmp.cpp:545  _al_d3d_sync_bitmap              [   3.87359] _al_d3d_sync_bitmap (video) ref count == 1
d3d      D          d3d_bmp.cpp:539  _al_d3d_sync_bitmap              [   3.87498] _al_d3d_sync_bitmap (system) ref count == 1
d3d      D          d3d_bmp.cpp:545  _al_d3d_sync_bitmap              [   3.87503] _al_d3d_sync_bitmap (video) ref count == 1
dtor     D               dtor.c:227  _al_unregister_destructor        [   5.41659] removed dtor for sample_instance 0000000002c62050
dtor     D               dtor.c:196  _al_register_destructor          [  18.98418] added dtor for sample_instance 0000000002c62050, func 00007ffebd42929b
audio    D          kcm_mixer.c:121  _al_rechannel_matrix             [  18.98426] sample matrix:
audio    D          kcm_mixer.c:127  _al_rechannel_matrix             [  18.98429]  0.707107 0.000000
audio    D          kcm_mixer.c:127  _al_rechannel_matrix             [  18.98431]  0.000000 0.707107
dtor     D               dtor.c:227  _al_unregister_destructor        [  19.64985] removed dtor for sample_instance 0000000002c62050
stdio    D         file_stdio.c:110  file_stdio_fopen                 [  23.93467] opening ./assets/image/game_over_no_background.png rb
stdio    D         file_stdio.c:110  file_stdio_fopen                 [  23.93485] opening ./assets/image/game_over_no_background.png rb
d3d      D         d3d_disp.cpp:1202 real_choose_bitmap_format        [  23.93491] Fake format
d3d      D         d3d_disp.cpp:1202 real_choose_bitmap_format        [  23.93493] Fake format
d3d      D         d3d_disp.cpp:1202 real_choose_bitmap_format        [  23.93494] Fake format
d3d      D         d3d_disp.cpp:1202 real_choose_bitmap_format        [  23.93495] Fake format
d3d      D         d3d_disp.cpp:1202 real_choose_bitmap_format        [  23.93496] Fake format
d3d      D         d3d_disp.cpp:1202 real_choose_bitmap_format        [  23.93496] Fake format
d3d      D         d3d_disp.cpp:1202 real_choose_bitmap_format        [  23.93497] Fake format
d3d      D         d3d_disp.cpp:1202 real_choose_bitmap_format        [  23.93498] Fake format
d3d      D         d3d_disp.cpp:1202 real_choose_bitmap_format        [  23.93499] Fake format
d3d      D         d3d_disp.cpp:1210 real_choose_bitmap_format        [  23.93500] Alpha doesn't match
d3d      D         d3d_disp.cpp:1217 real_choose_bitmap_format        [  23.93501] Adapter format is 23
d3d      D         d3d_disp.cpp:1220 real_choose_bitmap_format        [  23.93502] Found a format
d3d      I         d3d_disp.cpp:2391 d3d_create_bitmap                [  23.93503] Chose bitmap format 9
dtor     D               dtor.c:196  _al_register_destructor          [  23.93548] added dtor for bitmap 000000000f34e2c0, func 00007ffebd301bea
font     D                ttf.c:243  alloc_glyph_region               [  23.94544] Glyph 20: 9x31 (12x32)
font     D                ttf.c:287  alloc_glyph_region               [  23.94547] Locking glyph region: 000000000f306640 232 0 12 32
font     D                ttf.c:167  unlock_current_page              [  23.94549] Unlocking page: 000000000f306640
d3d      D          d3d_bmp.cpp:539  _al_d3d_sync_bitmap              [  23.94796] _al_d3d_sync_bitmap (system) ref count == 1
d3d      D          d3d_bmp.cpp:545  _al_d3d_sync_bitmap              [  23.94800] _al_d3d_sync_bitmap (video) ref count == 1
d3d      D          d3d_bmp.cpp:539  _al_d3d_sync_bitmap              [  23.95063] _al_d3d_sync_bitmap (system) ref count == 1
d3d      D          d3d_bmp.cpp:545  _al_d3d_sync_bitmap              [  23.95066] _al_d3d_sync_bitmap (video) ref count == 1
stdio    D         file_stdio.c:110  file_stdio_fopen                 [  23.95232] opening ./assets/sound/die_1.MP3 rb
dtor     D               dtor.c:196  _al_register_destructor          [  23.97801] added dtor for sample 000000000f2f8010, func 00007ffebd431a1d
dtor     D               dtor.c:196  _al_register_destructor          [  23.97811] added dtor for sample_instance 0000000002c624d0, func 00007ffebd42929b
audio    D          kcm_mixer.c:121  _al_rechannel_matrix             [  23.97813] sample matrix:
audio    D          kcm_mixer.c:127  _al_rechannel_matrix             [  23.97814]  0.707107 0.000000
audio    D          kcm_mixer.c:127  _al_rechannel_matrix             [  23.97815]  0.000000 0.707107
d3d      I         d3d_disp.cpp:915  d3d_destroy_display              [  26.37324] destroying display 00000000013cdad0 (current 0000000000000000)
bitmap   D        bitmap_type.c:308  _al_convert_to_memory_bitmap     [  26.37744] converting display bitmap 000000000f34e2c0 to memory bitmap
dtor     D               dtor.c:196  _al_register_destructor          [  26.37752] added dtor for bitmap 000000000f34ddb0, func 00007ffebd301bea
d3d      D          d3d_bmp.cpp:539  _al_d3d_sync_bitmap              [  26.37755] _al_d3d_sync_bitmap (system) ref count == 1
d3d      D          d3d_bmp.cpp:545  _al_d3d_sync_bitmap              [  26.37756] _al_d3d_sync_bitmap (video) ref count == 1
dtor     D               dtor.c:227  _al_unregister_destructor        [  26.37932] removed dtor for bitmap 000000000f34ddb0
bitmap   D        bitmap_type.c:308  _al_convert_to_memory_bitmap     [  26.37965] converting display bitmap 000000000f34e110 to memory bitmap
dtor     D               dtor.c:196  _al_register_destructor          [  26.37967] added dtor for bitmap 000000000f34d8a0, func 00007ffebd301bea
d3d      D          d3d_bmp.cpp:539  _al_d3d_sync_bitmap              [  26.37969] _al_d3d_sync_bitmap (system) ref count == 1
d3d      D          d3d_bmp.cpp:545  _al_d3d_sync_bitmap              [  26.37970] _al_d3d_sync_bitmap (video) ref count == 1
dtor     D               dtor.c:227  _al_unregister_destructor        [  26.38020] removed dtor for bitmap 000000000f34d8a0
bitmap   D        bitmap_type.c:308  _al_convert_to_memory_bitmap     [  26.38026] converting display bitmap 000000000f34d6f0 to memory bitmap
dtor     D               dtor.c:196  _al_register_destructor          [  26.38027] added dtor for bitmap 000000000f34d8a0, func 00007ffebd301bea
d3d      D          d3d_bmp.cpp:539  _al_d3d_sync_bitmap              [  26.38028] _al_d3d_sync_bitmap (system) ref count == 1
d3d      D          d3d_bmp.cpp:545  _al_d3d_sync_bitmap              [  26.38029] _al_d3d_sync_bitmap (video) ref count == 1
dtor     D               dtor.c:227  _al_unregister_destructor        [  26.38067] removed dtor for bitmap 000000000f34d8a0
bitmap   D        bitmap_type.c:308  _al_convert_to_memory_bitmap     [  26.38082] converting display bitmap 000000000f342220 to memory bitmap
dtor     D               dtor.c:196  _al_register_destructor          [  26.38084] added dtor for bitmap 000000000f34ddb0, func 00007ffebd301bea
d3d      D          d3d_bmp.cpp:539  _al_d3d_sync_bitmap              [  26.38085] _al_d3d_sync_bitmap (system) ref count == 1
d3d      D          d3d_bmp.cpp:545  _al_d3d_sync_bitmap              [  26.38086] _al_d3d_sync_bitmap (video) ref count == 1
dtor     D               dtor.c:227  _al_unregister_destructor        [  26.38126] removed dtor for bitmap 000000000f34ddb0
bitmap   D        bitmap_type.c:308  _al_convert_to_memory_bitmap     [  26.38145] converting display bitmap 000000000f3441b0 to memory bitmap
dtor     D               dtor.c:196  _al_register_destructor          [  26.38147] added dtor for bitmap 000000000f34e470, func 00007ffebd301bea
d3d      D          d3d_bmp.cpp:539  _al_d3d_sync_bitmap              [  26.38148] _al_d3d_sync_bitmap (system) ref count == 1
d3d      D          d3d_bmp.cpp:545  _al_d3d_sync_bitmap              [  26.38149] _al_d3d_sync_bitmap (video) ref count == 1
dtor     D               dtor.c:227  _al_unregister_destructor        [  26.38210] removed dtor for bitmap 000000000f34e470
bitmap   D        bitmap_type.c:308  _al_convert_to_memory_bitmap     [  26.38218] converting display bitmap 000000000f306640 to memory bitmap
dtor     D               dtor.c:196  _al_register_destructor          [  26.38221] added dtor for bitmap 000000000f34e470, func 00007ffebd301bea
d3d      D          d3d_bmp.cpp:539  _al_d3d_sync_bitmap              [  26.38223] _al_d3d_sync_bitmap (system) ref count == 1
d3d      D          d3d_bmp.cpp:545  _al_d3d_sync_bitmap              [  26.38224] _al_d3d_sync_bitmap (video) ref count == 1
dtor     D               dtor.c:227  _al_unregister_destructor        [  26.38373] removed dtor for bitmap 000000000f34e470
bitmap   D        bitmap_type.c:308  _al_convert_to_memory_bitmap     [  26.38398] converting display bitmap 000000000f2fab40 to memory bitmap
dtor     D               dtor.c:196  _al_register_destructor          [  26.38400] added dtor for bitmap 000000000f34ddb0, func 00007ffebd301bea
d3d      D          d3d_bmp.cpp:539  _al_d3d_sync_bitmap              [  26.38401] _al_d3d_sync_bitmap (system) ref count == 1
d3d      D          d3d_bmp.cpp:545  _al_d3d_sync_bitmap              [  26.38402] _al_d3d_sync_bitmap (video) ref count == 1
dtor     D               dtor.c:227  _al_unregister_destructor        [  26.38447] removed dtor for bitmap 000000000f34ddb0
bitmap   D        bitmap_type.c:308  _al_convert_to_memory_bitmap     [  26.38454] converting display bitmap 000000000f3148f0 to memory bitmap
dtor     D               dtor.c:196  _al_register_destructor          [  26.38455] added dtor for bitmap 000000000f34df60, func 00007ffebd301bea
d3d      D          d3d_bmp.cpp:539  _al_d3d_sync_bitmap              [  26.38456] _al_d3d_sync_bitmap (system) ref count == 1
d3d      D          d3d_bmp.cpp:545  _al_d3d_sync_bitmap              [  26.38457] _al_d3d_sync_bitmap (video) ref count == 1
dtor     D               dtor.c:227  _al_unregister_destructor        [  26.38509] removed dtor for bitmap 000000000f34df60
bitmap   D        bitmap_type.c:308  _al_convert_to_memory_bitmap     [  26.38519] converting display bitmap 000000000f315e20 to memory bitmap
dtor     D               dtor.c:196  _al_register_destructor          [  26.38522] added dtor for bitmap 000000000f34dc00, func 00007ffebd301bea
d3d      D          d3d_bmp.cpp:539  _al_d3d_sync_bitmap              [  26.38523] _al_d3d_sync_bitmap (system) ref count == 1
d3d      D          d3d_bmp.cpp:545  _al_d3d_sync_bitmap              [  26.38524] _al_d3d_sync_bitmap (video) ref count == 1
dtor     D               dtor.c:227  _al_unregister_destructor        [  26.38768] removed dtor for bitmap 000000000f34dc00
bitmap   D        bitmap_type.c:308  _al_convert_to_memory_bitmap     [  26.38821] converting display bitmap 000000000f2f31c0 to memory bitmap
dtor     D               dtor.c:196  _al_register_destructor          [  26.38824] added dtor for bitmap 000000000f34e470, func 00007ffebd301bea
d3d      D          d3d_bmp.cpp:539  _al_d3d_sync_bitmap              [  26.38826] _al_d3d_sync_bitmap (system) ref count == 1
d3d      D          d3d_bmp.cpp:545  _al_d3d_sync_bitmap              [  26.38827] _al_d3d_sync_bitmap (video) ref count == 1
dtor     D               dtor.c:227  _al_unregister_destructor        [  26.39324] removed dtor for bitmap 000000000f34e470
bitmap   D        bitmap_type.c:308  _al_convert_to_memory_bitmap     [  26.39430] converting display bitmap 000000000f2eafd0 to memory bitmap
dtor     D               dtor.c:196  _al_register_destructor          [  26.39433] added dtor for bitmap 000000000f34ddb0, func 00007ffebd301bea
d3d      D          d3d_bmp.cpp:539  _al_d3d_sync_bitmap              [  26.39435] _al_d3d_sync_bitmap (system) ref count == 1
d3d      D          d3d_bmp.cpp:545  _al_d3d_sync_bitmap              [  26.39436] _al_d3d_sync_bitmap (video) ref count == 1
dtor     D               dtor.c:227  _al_unregister_destructor        [  26.39495] removed dtor for bitmap 000000000f34ddb0
bitmap   D        bitmap_type.c:308  _al_convert_to_memory_bitmap     [  26.39505] converting display bitmap 0000000002c55890 to memory bitmap
dtor     D               dtor.c:196  _al_register_destructor          [  26.39507] added dtor for bitmap 000000000f34d8a0, func 00007ffebd301bea
d3d      D          d3d_bmp.cpp:539  _al_d3d_sync_bitmap              [  26.39508] _al_d3d_sync_bitmap (system) ref count == 1
d3d      D          d3d_bmp.cpp:545  _al_d3d_sync_bitmap              [  26.39509] _al_d3d_sync_bitmap (video) ref count == 1
dtor     D               dtor.c:227  _al_unregister_destructor        [  26.39640] removed dtor for bitmap 000000000f34d8a0
d3d      D         d3d_disp.cpp:899  d3d_destroy_display_internals    [  26.39664] waiting for display 00000000013cdad0's thread to end
d3d      W         d3d_disp.cpp:608  d3d_destroy_device               [  26.43087] d3d_destroy_device: ref count not 0
d3d      W         d3d_disp.cpp:608  d3d_destroy_device               [  26.43093] d3d_destroy_device: ref count not 0
d3d      I         d3d_disp.cpp:1562 d3d_display_thread_proc          [  26.45122] d3d display thread exits
dtor     D               dtor.c:227  _al_unregister_destructor        [  26.45145] removed dtor for timer 0000000002c511c0
dtor     D               dtor.c:227  _al_unregister_destructor        [  26.45150] removed dtor for queue 0000000002baa290
dtor     D               dtor.c:227  _al_unregister_destructor        [  26.45152] removed dtor for bitmap 000000000f3148f0
dtor     D               dtor.c:227  _al_unregister_destructor        [  26.45153] removed dtor for bitmap 000000000f2fab40
dtor     D               dtor.c:227  _al_unregister_destructor        [  26.45154] removed dtor for bitmap 000000000f34d6f0
dtor     D               dtor.c:227  _al_unregister_destructor        [  26.45156] removed dtor for bitmap 000000000f34e110
dtor     D               dtor.c:227  _al_unregister_destructor        [  26.45157] removed dtor for bitmap 000000000f3441b0
dtor     D               dtor.c:227  _al_unregister_destructor        [  26.45160] removed dtor for bitmap 000000000f342220
dtor     D               dtor.c:227  _al_unregister_destructor        [  26.45162] removed dtor for ttf_font 0000000002c465d0
dtor     D               dtor.c:227  _al_unregister_destructor        [  26.45168] removed dtor for ttf_font 000000000f2d2b10
dtor     D               dtor.c:227  _al_unregister_destructor        [  26.45170] removed dtor for ttf_font 000000000f2d28a0
dtor     D               dtor.c:227  _al_unregister_destructor        [  26.45180] removed dtor for ttf_font 0000000002ba17d0
dtor     D               dtor.c:227  _al_unregister_destructor        [  26.45188] removed dtor for ttf_font 000000000f2d2510
dtor     D               dtor.c:227  _al_unregister_destructor        [  26.45193] removed dtor for ttf_font 000000000f2d25d0
dtor     D               dtor.c:227  _al_unregister_destructor        [  26.45198] removed dtor for bitmap 0000000002c55890
dtor     D               dtor.c:227  _al_unregister_destructor        [  26.45203] removed dtor for bitmap 000000000f34e2c0
dtor     D               dtor.c:227  _al_unregister_destructor        [  26.45210] removed dtor for bitmap 000000000f2f31c0
dtor     D               dtor.c:227  _al_unregister_destructor        [  26.45233] removed dtor for bitmap 000000000f315e20
dtor     D               dtor.c:227  _al_unregister_destructor        [  26.45246] removed dtor for bitmap 000000000f2eafd0
dtor     D               dtor.c:227  _al_unregister_destructor        [  26.45248] removed dtor for sample 000000000f2f7b00
dtor     D               dtor.c:227  _al_unregister_destructor        [  26.45501] removed dtor for sample_instance 0000000002c62170
dtor     D               dtor.c:227  _al_unregister_destructor        [  26.45510] removed dtor for sample 000000000f2f7f50
dtor     D               dtor.c:227  _al_unregister_destructor        [  26.45513] removed dtor for sample 000000000f2f8010
dtor     D               dtor.c:227  _al_unregister_destructor        [  26.45526] removed dtor for sample_instance 0000000002c624d0
dtor     D               dtor.c:227  _al_unregister_destructor        [  26.45528] removed dtor for sample_instance 0000000002c51ea0
dtor     D               dtor.c:227  _al_unregister_destructor        [  26.45529] removed dtor for sample_instance 0000000002c51fc0
dtor     D               dtor.c:227  _al_unregister_destructor        [  26.45530] removed dtor for sample_instance 0000000002c52500
dtor     D               dtor.c:227  _al_unregister_destructor        [  26.45532] removed dtor for sample_instance 0000000002c52620
dtor     D               dtor.c:227  _al_unregister_destructor        [  26.45533] removed dtor for sample_instance 0000000002c52740
dtor     D               dtor.c:227  _al_unregister_destructor        [  26.45534] removed dtor for sample_instance 0000000002c529a0
dtor     D               dtor.c:227  _al_unregister_destructor        [  26.45536] removed dtor for sample_instance 0000000002c51bb0
dtor     D               dtor.c:227  _al_unregister_destructor        [  26.45537] removed dtor for sample_instance 0000000002c51cd0
dtor     D               dtor.c:227  _al_unregister_destructor        [  26.45538] removed dtor for sample_instance 0000000002c53ad0
dtor     D               dtor.c:227  _al_unregister_destructor        [  26.45539] removed dtor for sample_instance 0000000002c53bf0
dtor     D               dtor.c:227  _al_unregister_destructor        [  26.45540] removed dtor for sample_instance 0000000002c53d10
dtor     D               dtor.c:227  _al_unregister_destructor        [  26.45541] removed dtor for sample_instance 0000000002c53e30
dtor     D               dtor.c:227  _al_unregister_destructor        [  26.45542] removed dtor for sample_instance 0000000002c54760
dtor     D               dtor.c:227  _al_unregister_destructor        [  26.45544] removed dtor for sample_instance 0000000002c54880
dtor     D               dtor.c:227  _al_unregister_destructor        [  26.45546] removed dtor for sample_instance 0000000002c61e10
dtor     D               dtor.c:227  _al_unregister_destructor        [  26.45547] removed dtor for sample_instance 0000000002c61cf0
dtor     D               dtor.c:227  _al_unregister_destructor        [  26.45548] removed dtor for mixer 0000000002c51a50
audio-dsound D           dsound.cpp:528  _dsound_stop_voice               [  26.45549] Stopping voice
audio-dsound D           dsound.cpp:545  _dsound_stop_voice               [  26.45550] Joining thread
audio-dsound D           dsound.cpp:551  _dsound_stop_voice               [  26.45984] Joined thread
audio-dsound D           dsound.cpp:553  _dsound_stop_voice               [  26.45990] Destroying thread
audio-dsound D           dsound.cpp:555  _dsound_stop_voice               [  26.45991] Thread destroyed
audio-dsound D           dsound.cpp:562  _dsound_stop_voice               [  26.45992] Releasing buffer
audio-dsound I           dsound.cpp:566  _dsound_stop_voice               [  26.45993] Voice stopped
dtor     D               dtor.c:227  _al_unregister_destructor        [  26.45995] removed dtor for voice 0000000002c4fd90
audio-dsound D           dsound.cpp:380  _dsound_deallocate_voice         [  26.45996] Deallocating voice
audio-dsound D           dsound.cpp:385  _dsound_deallocate_voice         [  26.45997] Deallocated voice
audio-dsound D           dsound.cpp:296  _dsound_close                    [  26.45998] Releasing device
audio-dsound D           dsound.cpp:298  _dsound_close                    [  26.48707] Released device
audio-dsound I           dsound.cpp:299  _dsound_close                    [  26.48714] DirectSound closed
